This is cutadapt 1.15 with Python 3.6.9
Command line parameters: -g GGGGACAAAGGAAAAGGTTGG -G GGCCCCCACCCACTCCAT --pair-filter=any --discard-untrimmed -o ./Example/Results/TrimmedFastq/sampleC_L001_R1_001.pretrimmed.fastq.gz -p ./Example/Results/TrimmedFastq/sampleC_L001_R2_001.pretrimmed.fastq.gz ./Example/fastq/sampleC_L001_R1_001.fastq.gz ./Example/fastq/sampleC_L001_R2_001.fastq.gz
Running on 1 core
Trimming 2 adapters with at most 10.0% errors in paired-end mode ...
Finished in 0.30 s (30 us/read; 1.97 M reads/minute).

=== Summary ===

Total read pairs processed:             10,000
  Read 1 with adapter:                   9,920 (99.2%)
  Read 2 with adapter:                   9,755 (97.5%)
Pairs written (passing filters):         9,729 (97.3%)

Total basepairs processed:     5,020,000 bp
  Read 1:     2,510,000 bp
  Read 2:     2,510,000 bp
Total written (filtered):      4,436,765 bp (88.4%)
  Read 1:     2,189,133 bp
  Read 2:     2,247,632 bp

=== First read: Adapter 1 ===

Sequence: GGGGACAAAGGAAAAGGTTGG; Type: regular 5'; Length: 21; Trimmed: 9920 times.

No. of allowed errors:
0-9 bp: 0; 10-19 bp: 1; 20-21 bp: 2

Overview of removed sequences
length	count	expect	max.err	error counts
20	1	0.0	2	0 0 1
21	1	0.0	2	0 1
23	1	0.0	2	0 0 1
24	15	0.0	2	2 3 10
25	248	0.0	2	69 163 16
26	9572	0.0	2	9267 302 3
27	78	0.0	2	13 64 1
28	2	0.0	2	0 0 2
72	2	0.0	2	2

=== Second read: Adapter 2 ===

Sequence: GGCCCCCACCCACTCCAT; Type: regular 5'; Length: 18; Trimmed: 9755 times.

No. of allowed errors:
0-9 bp: 0; 10-18 bp: 1

Overview of removed sequences
length	count	expect	max.err	error counts
8	2	0.2	0	2
10	2	0.0	1	0 2
13	3	0.0	1	1 2
18	8	0.0	1	8
19	351	0.0	1	3 348
20	9358	0.0	1	8997 361
21	25	0.0	1	7 18
31	1	0.0	1	0 1
61	1	0.0	1	0 1
140	4	0.0	1	4

This is cutadapt 1.15 with Python 3.6.9
Command line parameters: -l 220 -m 220 --pair-filter=any -o ./Example/Results/TrimmedFastq/sampleC_L001_R1_001.trimmed.fastq.gz -p ./Example/Results/TrimmedFastq/sampleC_L001_R2_001.trimmed.fastq.gz ./Example/Results/TrimmedFastq/sampleC_L001_R1_001.pretrimmed.fastq.gz ./Example/Results/TrimmedFastq/sampleC_L001_R2_001.pretrimmed.fastq.gz
Running on 1 core
Trimming 0 adapters with at most 10.0% errors in paired-end mode ...
Finished in 0.16 s (17 us/read; 3.58 M reads/minute).

=== Summary ===

Total read pairs processed:              9,729
  Read 1 with adapter:                       0 (0.0%)
  Read 2 with adapter:                       0 (0.0%)
Pairs that were too short:                   4 (0.0%)
Pairs written (passing filters):         9,725 (100.0%)

Total basepairs processed:     4,436,765 bp
  Read 1:     2,189,133 bp
  Read 2:     2,247,632 bp
Total written (filtered):      4,279,000 bp (96.4%)
  Read 1:     2,139,500 bp
  Read 2:     2,139,500 bp

 
